<?xml version="1.0" encoding="UTF-8"?>
<!-- Generated by org.testng.reporters.JUnitReportReporter -->
<testsuite hostname="DESKTOP-QLTG8HG" failures="0" tests="1" name="com.testMaven.TestMaven" time="0.263" errors="0" timestamp="2023-11-27T15:17:18 IST" skipped="0">
  <testcase classname="com.testMaven.TestMaven" name="checkElement" time="0.263"/>
  <system-out/>
</testsuite> <!-- com.testMaven.TestMaven -->
