<?xml version="1.0" encoding="UTF-8"?>
<!-- Generated by org.testng.reporters.JUnitReportReporter -->
<testsuite hostname="DESKTOP-QLTG8HG" failures="0" tests="1" name="com.testMaven.testProject" time="0.009" errors="0" timestamp="2023-11-14T15:04:04 IST" skipped="0">
  <testcase classname="com.testMaven.testProject" name="syso" time="0.009"/>
  <system-out/>
</testsuite> <!-- com.testMaven.testProject -->
