<?xml version="1.0" encoding="UTF-8"?>
<!-- Generated by org.testng.reporters.JUnitReportReporter -->
<testsuite hostname="DESKTOP-QLTG8HG" failures="0" tests="1" name="com.testMaven.TestMaven" time="7.101" errors="0" timestamp="2023-11-14T17:49:27 IST" skipped="0">
  <testcase classname="com.testMaven.TestMaven" name="invock" time="7.101"/>
  <system-out/>
</testsuite> <!-- com.testMaven.TestMaven -->
